<?xml version="1.0" encoding="UTF-8"?>
<TestRun id="928dcffe-1d33-4e71-85ff-a3ce6e04455f" name="Alenina@DESKTOP-LDT6N8K 2020-11-20 22:08:59" runUser="DESKTOP-LDT6N8K\Alenina" xmlns="http://microsoft.com/schemas/VisualStudio/TeamTest/2010">
  <TestSettings name="Local" id="3d99ac63-6e2d-4f8e-950a-6d5d38aafd38">
    <Description>These are default test settings for a local test run.</Description>
    <Deployment userDeploymentRoot="c:\users\alenina\source\repos\Lab1_Kozak\TestResults" useDefaultDeploymentRoot="false" runDeploymentRoot="Alenina_DESKTOP-LDT6N8K 2020-11-20 22_08_59" />
    <Execution hostProcessPlatform="MSIL">
      <TestTypeSpecific>
        <WebTestRunConfiguration testTypeId="4e7599fa-5ecb-43e9-a887-cd63cf72d207">
          <Browser name="Internet Explorer 9.0" MaxConnections="6">
            <Headers>
              <Header name="User-Agent" value="Mozilla/5.0 (compatible; MSIE 9.0; Windows NT 6.1; Trident/5.0)" />
              <Header name="Accept" value="*/*" />
              <Header name="Accept-Language" value="{{$IEAcceptLanguage}}" />
              <Header name="Accept-Encoding" value="GZIP" />
            </Headers>
          </Browser>
        </WebTestRunConfiguration>
      </TestTypeSpecific>
      <AgentRule name="Execution Agents">
      </AgentRule>
    </Execution>
    <Properties>
      <Property name="TestSettingsUIType" value="LoadTest" />
    </Properties>
  </TestSettings>
  <Times creation="2020-11-20T22:08:59.4616822+02:00" queuing="2020-11-20T22:08:59.7315361+02:00" start="2020-11-20T22:08:59.7963627+02:00" finish="2020-11-20T22:09:10.8161302+02:00" />
  <ResultSummary outcome="Completed">
    <Counters total="1" executed="1" passed="1" error="0" failed="0" timeout="0" aborted="0" inconclusive="0" passedButRunAborted="0" notRunnable="0" notExecuted="0" disconnected="0" warning="0" completed="0" inProgress="0" pending="0" />
  </ResultSummary>
  <TestDefinitions>
    <WebTest name="WebTest1" storage="c:\users\alenina\source\repos\lab1_kozak\webandloadtestproject_lab1\webtest1.webtest" id="b0b7199c-a9f6-4870-868e-4ec57ca799b9" persistedWebTest="77u/PD94bWwgdmVyc2lvbj0iMS4wIiBlbmNvZGluZz0iVVRGLTgiIHN0YW5kYWxvbmU9InllcyI/Pg0KPFdlYlRlc3QgTmFtZT0iV2ViVGVzdDEiIElkPSJiMGI3MTk5Yy1hOWY2LTQ4NzAtODY4ZS00ZWM1N2NhNzk5YjkiIE93bmVyPSIiIFByaW9yaXR5PSIyMTQ3NDgzNjQ3IiBFbmFibGVkPSJUcnVlIiBDc3NQcm9qZWN0U3RydWN0dXJlPSIiIENzc0l0ZXJhdGlvbj0iIiBUaW1lb3V0PSIwIiBXb3JrSXRlbUlkcz0iIiB4bWxucz0iaHR0cDovL21pY3Jvc29mdC5jb20vc2NoZW1hcy9WaXN1YWxTdHVkaW8vVGVhbVRlc3QvMjAxMCIgRGVzY3JpcHRpb249IiIgQ3JlZGVudGlhbFVzZXJOYW1lPSIiIENyZWRlbnRpYWxQYXNzd29yZD0iIiBQcmVBdXRoZW50aWNhdGU9IlRydWUiIFByb3h5PSJkZWZhdWx0IiBTdG9wT25FcnJvcj0iRmFsc2UiIFJlY29yZGVkUmVzdWx0RmlsZT0iIiBSZXN1bHRzTG9jYWxlPSIiPg0KICA8SXRlbXM+DQogICAgPFJlcXVlc3QgTWV0aG9kPSJQT1NUIiBHdWlkPSI3NTAyNTk4OS1jM2EzLTQwMmQtYjIwMC00NjE3NWZhOGI4YjgiIFZlcnNpb249IjEuMSIgVXJsPSJodHRwOi8vbG9jYWxob3N0OjU4MzQ2L1dlYlNlcnZpY2UxLmFzbXgiIFRoaW5rVGltZT0iMCIgVGltZW91dD0iMzAwIiBQYXJzZURlcGVuZGVudFJlcXVlc3RzPSJUcnVlIiBGb2xsb3dSZWRpcmVjdHM9IlRydWUiIFJlY29yZFJlc3VsdD0iVHJ1ZSIgQ2FjaGU9IkZhbHNlIiBSZXNwb25zZVRpbWVHb2FsPSIwIiBFbmNvZGluZz0idXRmLTgiIEV4cGVjdGVkSHR0cFN0YXR1c0NvZGU9IjAiIEV4cGVjdGVkUmVzcG9uc2VVcmw9IiIgUmVwb3J0aW5nTmFtZT0iIiBJZ25vcmVIdHRwU3RhdHVzQ29kZT0iRmFsc2UiPg0KICAgICAgPEhlYWRlcnM+DQogICAgICAgIDxIZWFkZXIgTmFtZT0iU09BUEFjdGlvbiIgVmFsdWU9Imh0dHA6Ly90ZW1wdXJpLm9yZy9IZWxsb1dvcmxkIiAvPg0KICAgICAgPC9IZWFkZXJzPg0KICAgICAgPFN0cmluZ0h0dHBCb2R5IENvbnRlbnRUeXBlPSJ0ZXh0L3htbCIgSW5zZXJ0Qnl0ZU9yZGVyTWFyaz0iRmFsc2UiPlBBQS9BSGdBYlFCc0FDQUFkZ0JsQUhJQWN3QnBBRzhBYmdBOUFDSUFNUUF1QURBQUlnQWdBR1VBYmdCakFHOEFaQUJwQUc0QVp3QTlBQ0lBZFFCMEFHWUFMUUE0QUNJQVB3QStBQTBBQ2dBOEFITUFid0JoQUhBQU9nQkZBRzRBZGdCbEFHd0Fid0J3QUdVQUlBQjRBRzBBYkFCdUFITUFPZ0I0QUhNQWFRQTlBQ0lBYUFCMEFIUUFjQUE2QUM4QUx3QjNBSGNBZHdBdUFIY0FNd0F1QUc4QWNnQm5BQzhBTWdBd0FEQUFNUUF2QUZnQVRRQk1BRk1BWXdCb0FHVUFiUUJoQUMwQWFRQnVBSE1BZEFCaEFHNEFZd0JsQUNJQUlBQjRBRzBBYkFCdUFITUFPZ0I0QUhNQVpBQTlBQ0lBYUFCMEFIUUFjQUE2QUM4QUx3QjNBSGNBZHdBdUFIY0FNd0F1QUc4QWNnQm5BQzhBTWdBd0FEQUFNUUF2QUZnQVRRQk1BRk1BWXdCb0FHVUFiUUJoQUNJQUlBQjRBRzBBYkFCdUFITUFPZ0J6QUc4QVlRQndBRDBBSWdCb0FIUUFkQUJ3QURvQUx3QXZBSE1BWXdCb0FHVUFiUUJoQUhNQUxnQjRBRzBBYkFCekFHOEFZUUJ3QUM0QWJ3QnlBR2NBTHdCekFHOEFZUUJ3QUM4QVpRQnVBSFlBWlFCc0FHOEFjQUJsQUM4QUlnQStBQTBBQ2dBZ0FDQUFQQUJ6QUc4QVlRQndBRG9BUWdCdkFHUUFlUUErQUEwQUNnQWdBQ0FBSUFBZ0FEd0FTQUJsQUd3QWJBQnZBRmNBYndCeUFHd0FaQUFnQUhnQWJRQnNBRzRBY3dBOUFDSUFhQUIwQUhRQWNBQTZBQzhBTHdCMEFHVUFiUUJ3QUhVQWNnQnBBQzRBYndCeUFHY0FMd0FpQUQ0QURRQUtBQ0FBSUFBZ0FDQUFJQUFnQUR3QWN3QjBBSElBUGdCSUFHVUFiQUJzQUc4QUxBQWdBRThBYkFCbEFHNEFZUUFoQUR3QUx3QnpBSFFBY2dBK0FBMEFDZ0FnQUNBQUlBQWdBRHdBTHdCSUFHVUFiQUJzQUc4QVZ3QnZBSElBYkFCa0FENEFEUUFLQUNBQUlBQThBQzhBY3dCdkFHRUFjQUE2QUVJQWJ3QmtBSGtBUGdBTkFBb0FQQUF2QUhNQWJ3QmhBSEFBT2dCRkFHNEFkZ0JsQUd3QWJ3QndBR1VBUGdBPTwvU3RyaW5nSHR0cEJvZHk+DQogICAgPC9SZXF1ZXN0Pg0KICA8L0l0ZW1zPg0KPC9XZWJUZXN0Pg==">
      <Execution id="19d1ec37-abbd-49e2-a2a3-90ee6305ed98" />
    </WebTest>
  </TestDefinitions>
  <TestLists>
    <TestList name="Results Not in a List" id="8c84fa94-04c1-424b-9868-57a2d4851a1d" />
    <TestList name="All Loaded Results" id="19431567-8539-422a-85d7-44ee4e166bda" />
  </TestLists>
  <TestEntries>
    <TestEntry isTransparent="false" testId="b0b7199c-a9f6-4870-868e-4ec57ca799b9" executionId="19d1ec37-abbd-49e2-a2a3-90ee6305ed98" testListId="8c84fa94-04c1-424b-9868-57a2d4851a1d" />
  </TestEntries>
  <Results>
    <WebTestResult executionId="19d1ec37-abbd-49e2-a2a3-90ee6305ed98" testId="b0b7199c-a9f6-4870-868e-4ec57ca799b9" testName="WebTest1" computerName="DESKTOP-LDT6N8K" duration="00:00:00.1445536" startTime="2020-11-20T22:08:59.9695426+02:00" endTime="2020-11-20T22:09:10.7467722+02:00" testType="4e7599fa-5ecb-43e9-a887-cd63cf72d207" outcome="Passed" testListId="8c84fa94-04c1-424b-9868-57a2d4851a1d" relativeResultsDirectory="19d1ec37-abbd-49e2-a2a3-90ee6305ed98">
      <ResultFiles>
        <ResultFile path="WebTest1.webtestResult" />
      </ResultFiles>
      <TestSettings name="Local" id="3d99ac63-6e2d-4f8e-950a-6d5d38aafd38">
        <Description>These are default test settings for a local test run.</Description>
        <Deployment userDeploymentRoot="c:\users\alenina\source\repos\Lab1_Kozak\TestResults" useDefaultDeploymentRoot="false" runDeploymentRoot="Alenina_DESKTOP-LDT6N8K 2020-11-20 22_08_59" />
        <Execution hostProcessPlatform="MSIL">
          <TestTypeSpecific>
            <WebTestRunConfiguration testTypeId="4e7599fa-5ecb-43e9-a887-cd63cf72d207">
              <Browser name="Internet Explorer 9.0" MaxConnections="6">
                <Headers>
                  <Header name="User-Agent" value="Mozilla/5.0 (compatible; MSIE 9.0; Windows NT 6.1; Trident/5.0)" />
                  <Header name="Accept" value="*/*" />
                  <Header name="Accept-Language" value="{{$IEAcceptLanguage}}" />
                  <Header name="Accept-Encoding" value="GZIP" />
                </Headers>
              </Browser>
            </WebTestRunConfiguration>
          </TestTypeSpecific>
          <AgentRule name="Execution Agents">
          </AgentRule>
        </Execution>
        <Properties>
          <Property name="TestSettingsUIType" value="LoadTest" />
        </Properties>
      </TestSettings>
      <WebTestResultFilePath>Alenina_DESKTOP-LDT6N8K 2020-11-20 22_08_59\In\19d1ec37-abbd-49e2-a2a3-90ee6305ed98\WebTest1.webtestResult</WebTestResultFilePath>
    </WebTestResult>
  </Results>
</TestRun>