<?xml version="1.0" encoding="UTF-8"?>
<TestRun id="fdbc3457-4674-4a5b-ad67-6d1aecd3c74d" name="Alenina@DESKTOP-LDT6N8K 2020-11-20 22:04:48" runUser="DESKTOP-LDT6N8K\Alenina" xmlns="http://microsoft.com/schemas/VisualStudio/TeamTest/2010">
  <TestSettings name="Local" id="3d99ac63-6e2d-4f8e-950a-6d5d38aafd38">
    <Description>These are default test settings for a local test run.</Description>
    <Execution hostProcessPlatform="MSIL">
      <TestTypeSpecific />
      <AgentRule name="Execution Agents">
      </AgentRule>
    </Execution>
    <Deployment runDeploymentRoot="Alenina_DESKTOP-LDT6N8K 2020-11-20 22_04_48" />
    <Properties>
      <Property name="TestSettingsUIType" value="LoadTest" />
    </Properties>
  </TestSettings>
  <Times creation="2020-11-20T22:04:48.3411339+02:00" queuing="2020-11-20T22:04:48.6322990+02:00" start="2020-11-20T22:04:48.6946803+02:00" finish="2020-11-20T22:04:59.6866533+02:00" />
  <ResultSummary outcome="Completed">
    <Counters total="1" executed="1" passed="1" error="0" failed="0" timeout="0" aborted="0" inconclusive="0" passedButRunAborted="0" notRunnable="0" notExecuted="0" disconnected="0" warning="0" completed="0" inProgress="0" pending="0" />
  </ResultSummary>
  <TestDefinitions>
    <WebTest name="WebTest1" storage="c:\users\alenina\source\repos\lab1_kozak\webandloadtestproject_lab1\webtest1.webtest" id="b0b7199c-a9f6-4870-868e-4ec57ca799b9" persistedWebTest="77u/PD94bWwgdmVyc2lvbj0iMS4wIiBlbmNvZGluZz0iVVRGLTgiIHN0YW5kYWxvbmU9InllcyI/Pg0KPFdlYlRlc3QgTmFtZT0iV2ViVGVzdDEiIElkPSJiMGI3MTk5Yy1hOWY2LTQ4NzAtODY4ZS00ZWM1N2NhNzk5YjkiIE93bmVyPSIiIFByaW9yaXR5PSIyMTQ3NDgzNjQ3IiBFbmFibGVkPSJUcnVlIiBDc3NQcm9qZWN0U3RydWN0dXJlPSIiIENzc0l0ZXJhdGlvbj0iIiBUaW1lb3V0PSIwIiBXb3JrSXRlbUlkcz0iIiB4bWxucz0iaHR0cDovL21pY3Jvc29mdC5jb20vc2NoZW1hcy9WaXN1YWxTdHVkaW8vVGVhbVRlc3QvMjAxMCIgRGVzY3JpcHRpb249IiIgQ3JlZGVudGlhbFVzZXJOYW1lPSIiIENyZWRlbnRpYWxQYXNzd29yZD0iIiBQcmVBdXRoZW50aWNhdGU9IlRydWUiIFByb3h5PSJkZWZhdWx0IiBTdG9wT25FcnJvcj0iRmFsc2UiIFJlY29yZGVkUmVzdWx0RmlsZT0iIiBSZXN1bHRzTG9jYWxlPSIiPg0KICA8SXRlbXM+DQogICAgPFJlcXVlc3QgTWV0aG9kPSJQT1NUIiBHdWlkPSI3NTAyNTk4OS1jM2EzLTQwMmQtYjIwMC00NjE3NWZhOGI4YjgiIFZlcnNpb249IjEuMSIgVXJsPSJodHRwOi8vbG9jYWxob3N0OjU4MzQ2L1dlYlNlcnZpY2UxLmFzbXgiIFRoaW5rVGltZT0iMCIgVGltZW91dD0iMzAwIiBQYXJzZURlcGVuZGVudFJlcXVlc3RzPSJUcnVlIiBGb2xsb3dSZWRpcmVjdHM9IlRydWUiIFJlY29yZFJlc3VsdD0iVHJ1ZSIgQ2FjaGU9IkZhbHNlIiBSZXNwb25zZVRpbWVHb2FsPSIwIiBFbmNvZGluZz0idXRmLTgiIEV4cGVjdGVkSHR0cFN0YXR1c0NvZGU9IjAiIEV4cGVjdGVkUmVzcG9uc2VVcmw9IiIgUmVwb3J0aW5nTmFtZT0iIiBJZ25vcmVIdHRwU3RhdHVzQ29kZT0iRmFsc2UiPg0KICAgICAgPEhlYWRlcnM+DQogICAgICAgIDxIZWFkZXIgTmFtZT0iU09BUEFjdGlvbiIgVmFsdWU9Imh0dHA6Ly90ZW1wdXJpLm9yZy9IZWxsb1dvcmxkIiAvPg0KICAgICAgPC9IZWFkZXJzPg0KICAgICAgPFN0cmluZ0h0dHBCb2R5IENvbnRlbnRUeXBlPSJ0ZXh0L3htbCIgSW5zZXJ0Qnl0ZU9yZGVyTWFyaz0iRmFsc2UiPlBBQS9BSGdBYlFCc0FDQUFkZ0JsQUhJQWN3QnBBRzhBYmdBOUFDSUFNUUF1QURBQUlnQWdBR1VBYmdCakFHOEFaQUJwQUc0QVp3QTlBQ0lBZFFCMEFHWUFMUUE0QUNJQVB3QStBQTBBQ2dBOEFITUFid0JoQUhBQU9nQkZBRzRBZGdCbEFHd0Fid0J3QUdVQUlBQjRBRzBBYkFCdUFITUFPZ0I0QUhNQWFRQTlBQ0lBYUFCMEFIUUFjQUE2QUM4QUx3QjNBSGNBZHdBdUFIY0FNd0F1QUc4QWNnQm5BQzhBTWdBd0FEQUFNUUF2QUZnQVRRQk1BRk1BWXdCb0FHVUFiUUJoQUMwQWFRQnVBSE1BZEFCaEFHNEFZd0JsQUNJQUlBQjRBRzBBYkFCdUFITUFPZ0I0QUhNQVpBQTlBQ0lBYUFCMEFIUUFjQUE2QUM4QUx3QjNBSGNBZHdBdUFIY0FNd0F1QUc4QWNnQm5BQzhBTWdBd0FEQUFNUUF2QUZnQVRRQk1BRk1BWXdCb0FHVUFiUUJoQUNJQUlBQjRBRzBBYkFCdUFITUFPZ0J6QUc4QVlRQndBRDBBSWdCb0FIUUFkQUJ3QURvQUx3QXZBSE1BWXdCb0FHVUFiUUJoQUhNQUxnQjRBRzBBYkFCekFHOEFZUUJ3QUM0QWJ3QnlBR2NBTHdCekFHOEFZUUJ3QUM4QVpRQnVBSFlBWlFCc0FHOEFjQUJsQUM4QUlnQStBQTBBQ2dBZ0FDQUFQQUJ6QUc4QVlRQndBRG9BUWdCdkFHUUFlUUErQUEwQUNnQWdBQ0FBSUFBZ0FEd0FTQUJsQUd3QWJBQnZBRmNBYndCeUFHd0FaQUJTQUdVQWN3QndBRzhBYmdCekFHVUFJQUI0QUcwQWJBQnVBSE1BUFFBaUFHZ0FkQUIwQUhBQU9nQXZBQzhBZEFCbEFHMEFjQUIxQUhJQWFRQXVBRzhBY2dCbkFDOEFJZ0ErQUEwQUNnQWdBQ0FBSUFBZ0FDQUFJQUE4QUVnQVpRQnNBR3dBYndCWEFHOEFjZ0JzQUdRQVVnQmxBSE1BZFFCc0FIUUFQZ0JJQUdVQWJBQnNBRzhBTEFBZ0FFOEFiQUJsQUc0QVlRQWhBRHdBTHdCSUFHVUFiQUJzQUc4QVZ3QnZBSElBYkFCa0FGSUFaUUJ6QUhVQWJBQjBBRDRBRFFBS0FDQUFJQUFnQUNBQVBBQXZBRWdBWlFCc0FHd0Fid0JYQUc4QWNnQnNBR1FBVWdCbEFITUFjQUJ2QUc0QWN3QmxBRDRBRFFBS0FDQUFJQUE4QUM4QWN3QnZBR0VBY0FBNkFFSUFid0JrQUhrQVBnQU5BQW9BUEFBdkFITUFid0JoQUhBQU9nQkZBRzRBZGdCbEFHd0Fid0J3QUdVQVBnQT08L1N0cmluZ0h0dHBCb2R5Pg0KICAgIDwvUmVxdWVzdD4NCiAgPC9JdGVtcz4NCjwvV2ViVGVzdD4=">
      <Execution id="26d81a3c-c039-498a-af12-1db4af2376ac" />
    </WebTest>
  </TestDefinitions>
  <TestLists>
    <TestList name="Results Not in a List" id="8c84fa94-04c1-424b-9868-57a2d4851a1d" />
    <TestList name="All Loaded Results" id="19431567-8539-422a-85d7-44ee4e166bda" />
  </TestLists>
  <TestEntries>
    <TestEntry isTransparent="false" testId="b0b7199c-a9f6-4870-868e-4ec57ca799b9" executionId="26d81a3c-c039-498a-af12-1db4af2376ac" testListId="8c84fa94-04c1-424b-9868-57a2d4851a1d" />
  </TestEntries>
  <Results>
    <WebTestResult executionId="26d81a3c-c039-498a-af12-1db4af2376ac" testId="b0b7199c-a9f6-4870-868e-4ec57ca799b9" testName="WebTest1" computerName="DESKTOP-LDT6N8K" duration="00:00:00.1637074" startTime="2020-11-20T22:04:48.8708078+02:00" endTime="2020-11-20T22:04:59.6587035+02:00" testType="4e7599fa-5ecb-43e9-a887-cd63cf72d207" outcome="Passed" testListId="8c84fa94-04c1-424b-9868-57a2d4851a1d" relativeResultsDirectory="26d81a3c-c039-498a-af12-1db4af2376ac">
      <ResultFiles>
        <ResultFile path="WebTest1.webtestResult" />
      </ResultFiles>
      <TestSettings name="Local" id="3d99ac63-6e2d-4f8e-950a-6d5d38aafd38">
        <Description>These are default test settings for a local test run.</Description>
        <Execution hostProcessPlatform="MSIL">
          <TestTypeSpecific>
            <WebTestRunConfiguration testTypeId="4e7599fa-5ecb-43e9-a887-cd63cf72d207">
              <Browser name="Internet Explorer 9.0" MaxConnections="6">
                <Headers>
                  <Header name="User-Agent" value="Mozilla/5.0 (compatible; MSIE 9.0; Windows NT 6.1; Trident/5.0)" />
                  <Header name="Accept" value="*/*" />
                  <Header name="Accept-Language" value="{{$IEAcceptLanguage}}" />
                  <Header name="Accept-Encoding" value="GZIP" />
                </Headers>
              </Browser>
            </WebTestRunConfiguration>
          </TestTypeSpecific>
          <AgentRule name="Execution Agents">
          </AgentRule>
        </Execution>
        <Deployment runDeploymentRoot="Alenina_DESKTOP-LDT6N8K 2020-11-20 22_04_48" />
        <Properties>
          <Property name="TestSettingsUIType" value="LoadTest" />
        </Properties>
      </TestSettings>
      <WebTestResultFilePath>Alenina_DESKTOP-LDT6N8K 2020-11-20 22_04_48\In\26d81a3c-c039-498a-af12-1db4af2376ac\WebTest1.webtestResult</WebTestResultFilePath>
    </WebTestResult>
  </Results>
</TestRun>